<?xml version="1.0" encoding="UTF-8"?>
<!-- Generated by org.testng.reporters.JUnitReportReporter -->
<testsuite hostname="LAPTOP-U3PO2TCO" failures="0" tests="1" name="soap.TestRunner2" time="0.080" errors="0" timestamp="22 Sep 2021 05:22:58 GMT">
  <testcase classname="soap.TestRunner2" name="singletest" time="0.080"/>
</testsuite> <!-- soap.TestRunner2 -->
