<?xml version="1.0" encoding="UTF-8"?>
<!-- Generated by org.testng.reporters.JUnitReportReporter -->
<testsuite hostname="LAPTOP-U3PO2TCO" failures="0" tests="1" name="soap.TestRunner" time="1.929" errors="0" timestamp="22 Sep 2021 05:22:58 GMT">
  <testcase classname="soap.TestRunner" name="soap" time="1.929"/>
</testsuite> <!-- soap.TestRunner -->
