<?xml version="1.0" encoding="UTF-8"?>
<!-- Generated by org.testng.reporters.JUnitReportReporter -->
<testsuite hostname="LAPTOP-U3PO2TCO" failures="0" tests="1" name="soap.TestRunner3" time="9.198" errors="0" timestamp="20 Sep 2021 12:18:20 GMT">
  <testcase classname="soap.TestRunner3" name="soap" time="9.198"/>
</testsuite> <!-- soap.TestRunner3 -->
